<?xml version="1.0" encoding="UTF-8"?>
<testng-results ignored="2" total="3" passed="1" failed="0" skipped="0">
  <reporter-output>
  </reporter-output>
  <suite started-at="2021-10-09T05:01:22 IST" name="Suite" finished-at="2021-10-09T05:04:01 IST" duration-ms="158803">
    <groups>
    </groups>
    <test started-at="2021-10-09T05:01:22 IST" name="StandaloneWin10" finished-at="2021-10-09T05:04:01 IST" duration-ms="158803">
      <class name="com.wisefinch.java.PlClass">
        <test-method is-config="true" signature="init()[pri:0, instance:com.wisefinch.java.PlClass@7fb4f2a9]" started-at="2021-10-09T05:01:22 IST" name="init" finished-at="2021-10-09T05:01:22 IST" duration-ms="6" status="PASS">
          <reporter-output>
          </reporter-output>
        </test-method> <!-- init -->
        <test-method is-config="true" signature="setup(java.lang.String,java.lang.String,java.lang.String)[pri:0, instance:com.wisefinch.java.PlClass@7fb4f2a9]" started-at="2021-10-09T05:01:22 IST" name="setup" finished-at="2021-10-09T05:01:23 IST" duration-ms="993" status="PASS">
          <params>
            <param index="0">
              <value>
                <![CDATA[opt platform]]>
              </value>
            </param>
            <param index="1">
              <value>
                <![CDATA[opt browser name]]>
              </value>
            </param>
            <param index="2">
              <value>
                <![CDATA[opt remoteurl]]>
              </value>
            </param>
          </params>
          <reporter-output>
          </reporter-output>
        </test-method> <!-- setup -->
        <test-method signature="validate_Test_2676(java.lang.String,java.lang.String,java.lang.String)[pri:0, instance:com.wisefinch.java.PlClass@7fb4f2a9]" started-at="2021-10-09T05:01:23 IST" name="validate_Test_2676" finished-at="2021-10-09T05:03:55 IST" duration-ms="152354" status="PASS">
          <params>
            <param index="0">
              <value>
                <![CDATA[opt platform]]>
              </value>
            </param>
            <param index="1">
              <value>
                <![CDATA[opt browser name]]>
              </value>
            </param>
            <param index="2">
              <value>
                <![CDATA[opt remoteurl]]>
              </value>
            </param>
          </params>
          <reporter-output>
          </reporter-output>
        </test-method> <!-- validate_Test_2676 -->
        <test-method is-config="true" signature="wrapUpMethod()[pri:0, instance:com.wisefinch.java.PlClass@7fb4f2a9]" started-at="2021-10-09T05:03:55 IST" name="wrapUpMethod" finished-at="2021-10-09T05:04:00 IST" duration-ms="4291" status="PASS">
          <reporter-output>
          </reporter-output>
        </test-method> <!-- wrapUpMethod -->
        <test-method is-config="true" signature="wrapUp()[pri:0, instance:com.wisefinch.java.PlClass@7fb4f2a9]" started-at="2021-10-09T05:04:00 IST" name="wrapUp" finished-at="2021-10-09T05:04:01 IST" duration-ms="1128" status="PASS">
          <reporter-output>
          </reporter-output>
        </test-method> <!-- wrapUp -->
      </class> <!-- com.wisefinch.java.PlClass -->
    </test> <!-- StandaloneWin10 -->
  </suite> <!-- Suite -->
</testng-results>
